2018-02-08 10:12:14.27552 [T00001][Critical] KdAppContext - 加载全局配置文件：D:\工作项目\一点通网站\1 源代码\1.1 系统代码\广西三建项目管理系统\KdYdtGxsj\KdYdtGxsj\KdYdt.Gxsj.WebManage\App_Data\KdGlobal.profile
2018-02-08 10:12:24.79423 [T00001][Critical] KdWebContext - RegisterWebMvc Namespaces: 
              KdYdt.Gxsj.WebManage.Controllers
2018-02-08 10:12:24.81545 [T00001][ Major  ] KdUnitManager - 初始化系统功能模块设置……
2018-02-08 10:12:24.95482 [T00001][ Major  ] KdUnitManager - 从本地运行程序中识别出功能模块：10 个
2018-02-08 10:12:24.98292 [T00001][ Major  ] KdUnitManager - 从远程获取到文件中识别功能模块定义：40 个
2018-02-08 10:12:25.00295 [T00001][ Major  ] KdUnitManager - 初始化功能模块：10 个，功能操作：224 个
2018-02-08 10:12:25.00295 [T00001][ Major  ] KdUnitManager - 初始化系统模块设置结束
2018-02-08 10:12:25.00395 [T00001][ Major  ] KdMenu - 初始化系统菜单……
2018-02-08 10:12:25.30074 [T00001][ Major  ] KdMenu - 共计初始化系统菜单：3 个
2018-02-08 10:12:25.30175 [T00001][ Major  ] KdMenu - 菜单 系统主菜单[__MAIN__] 共计加载菜单项 21 个
2018-02-08 10:12:25.30175 [T00001][ Major  ] KdMenu - 菜单 后台管理菜单[__ADMIN__] 共计加载菜单项 8 个
2018-02-08 10:12:25.58856 [T00001][ Major  ] KdMenu - 菜单 项目管理[PrjManage] 共计加载菜单项 31 个
2018-02-08 10:12:25.58959 [T00001][ Major  ] KdMenu - 初始化系统菜单设置结束
2018-02-08 10:12:25.64691 [T00001][Critical] BbMvcManager - 当前系统运行环境：
              IIS Version: 10.0
              Integrated Pipeline: True
              TargetFramework: 4.6
              BinDirectory: D:\工作项目\一点通网站\1 源代码\1.1 系统代码\广西三建项目管理系统\KdYdtGxsj\KdYdtGxsj\KdYdt.Gxsj.WebManage\bin\
              AppDomainAppVirtualPath: /
              VirtualPathRoot: /
              AppData VirtualPath: ~\App_Data;
              AppData PhysicsPath: D:\工作项目\一点通网站\1 源代码\1.1 系统代码\广西三建项目管理系统\KdYdtGxsj\KdYdtGxsj\KdYdt.Gxsj.WebManage\App_Data;
              系统全局配置文件: D:\工作项目\一点通网站\1 源代码\1.1 系统代码\广西三建项目管理系统\KdYdtGxsj\KdYdtGxsj\KdYdt.Gxsj.WebManage\App_Data\KdGlobal.profile;
              数据字典配置文件路径: D:\工作项目\一点通网站\1 源代码\1.1 系统代码\广西三建项目管理系统\KdYdtGxsj\KdYdtGxsj\KdYdt.Gxsj.WebManage\App_Data\KdDict;
              系统主菜单配置文件: D:\工作项目\一点通网站\1 源代码\1.1 系统代码\广西三建项目管理系统\KdYdtGxsj\KdYdtGxsj\KdYdt.Gxsj.WebManage\App_Data\KdMenu\KdAppMenus.json;
              系统菜单配置文件夹: D:\工作项目\一点通网站\1 源代码\1.1 系统代码\广西三建项目管理系统\KdYdtGxsj\KdYdtGxsj\KdYdt.Gxsj.WebManage\App_Data\KdMenu;
              系统运行日志文件: ;
              数据库初始化JSON文件默认保存路径: D:\工作项目\一点通网站\1 源代码\1.1 系统代码\广西三建项目管理系统\KdYdtGxsj\KdYdtGxsj\KdYdt.Gxsj.WebManage\App_Data\DataInit;
              数据库备份JSON文件默认保存路径: D:\工作项目\一点通网站\1 源代码\1.1 系统代码\广西三建项目管理系统\KdYdtGxsj\KdYdtGxsj\KdYdt.Gxsj.WebManage\App_Data\DataBackup;
              用户个人文件默认保存路径: D:\工作项目\一点通网站\1 源代码\1.1 系统代码\广西三建项目管理系统\KdYdtGxsj\KdYdtGxsj\KdYdt.Gxsj.WebManage\App_Data\Data_User;
              报表模板默认路径: D:\工作项目\一点通网站\1 源代码\1.1 系统代码\广西三建项目管理系统\KdYdtGxsj\KdYdtGxsj\KdYdt.Gxsj.WebManage\App_Data\Templates;
              报表输出默认路径: D:\工作项目\一点通网站\1 源代码\1.1 系统代码\广西三建项目管理系统\KdYdtGxsj\KdYdtGxsj\KdYdt.Gxsj.WebManage\App_Data\Reports;
              附件上传默认保存路径: D:\工作项目\一点通网站\1 源代码\1.1 系统代码\广西三建项目管理系统\KdYdtGxsj\KdYdtGxsj\KdYdt.Gxsj.WebManage\App_Data\User_Uploads;
              文件覆盖时自动备份的文件夹名称: History;
2018-02-08 10:12:33.35322 [T00011][ Severe ] HomeController - 【Session:3kdq350meeqzxg0lxw4cj55f】【HttpGET:53LA6YZ23EF7】[DataScope:HandleFull]
              已耗时：6.2288257秒 http://localhost:63384/Home/Login
              【请求处理】执行时间 6.2288 秒【较慢】
2018-02-08 10:13:14.79468 [T00008][ Severe ] UsersController - 【Session:3kdq350meeqzxg0lxw4cj55f】【HttpGET:53LAGK905D8B】管理员（内置）[DataScope:ViewFull, HandleFull]
              已耗时：5.1989285秒 http://localhost:63384/Users
              【请求处理】执行时间 5.1989 秒【较慢】
2018-02-08 10:13:21.53373 [T00022][Critical] KdAppContext - 加载全局配置文件：D:\工作项目\一点通网站\1 源代码\1.1 系统代码\广西三建项目管理系统\KdYdtGxsj\KdYdtGxsj\KdYdt.Gxsj.WebManage\App_Data\KdGlobal.profile
2018-02-08 10:13:21.53523 [T00022][ Major  ] KdUnitManager - 初始化系统功能模块设置……
2018-02-08 10:13:21.54075 [T00022][ Major  ] KdUnitManager - 从本地运行程序中识别出功能模块：10 个
2018-02-08 10:13:21.66288 [T00022][ Major  ] KdUnitManager - 从远程获取到文件中识别功能模块定义：40 个
2018-02-08 10:13:21.66388 [T00022][ Major  ] KdUnitManager - 初始化功能模块：10 个，功能操作：224 个
2018-02-08 10:13:21.66388 [T00022][ Major  ] KdUnitManager - 初始化系统模块设置结束
2018-02-08 10:13:39.60717 [T00021][Critical] KdAppContext - 加载全局配置文件：D:\工作项目\一点通网站\1 源代码\1.1 系统代码\广西三建项目管理系统\KdYdtGxsj\KdYdtGxsj\KdYdt.Gxsj.WebManage\App_Data\KdGlobal.profile
2018-02-08 10:13:39.60817 [T00021][ Major  ] KdUnitManager - 初始化系统功能模块设置……
2018-02-08 10:13:39.61318 [T00021][ Major  ] KdUnitManager - 从本地运行程序中识别出功能模块：10 个
2018-02-08 10:13:39.61619 [T00021][ Major  ] KdUnitManager - 从远程获取到文件中识别功能模块定义：40 个
2018-02-08 10:13:39.61720 [T00021][ Major  ] KdUnitManager - 初始化功能模块：10 个，功能操作：224 个
2018-02-08 10:13:39.61720 [T00021][ Major  ] KdUnitManager - 初始化系统模块设置结束
2018-02-08 10:13:41.70170 [T00022][ Alert  ] KdUnitManager - 未能找到标识为 Users^Follow 的模块操作(KdUnitAction)设定。
2018-02-08 10:13:41.70170 [T00022][ Alert  ] KdAuthVerify - 未能找到验证标识为 Users^Follow 对应的功能操作(KdUnitAction)设定。(默认返回结果为 BbDataScope.Default)
2018-02-08 10:14:05.85871 [T00023][ Alert  ] KdUnitManager - 未能找到标识为 Users^Follow 的模块操作(KdUnitAction)设定。
2018-02-08 10:14:05.85871 [T00023][ Alert  ] KdAuthVerify - 未能找到验证标识为 Users^Follow 对应的功能操作(KdUnitAction)设定。(默认返回结果为 BbDataScope.Default)
2018-02-08 10:14:18.37335 [T00010][Critical] KdAppContext - 加载全局配置文件：D:\工作项目\一点通网站\1 源代码\1.1 系统代码\广西三建项目管理系统\KdYdtGxsj\KdYdtGxsj\KdYdt.Gxsj.WebManage\App_Data\KdGlobal.profile
2018-02-08 10:14:18.37416 [T00010][ Major  ] KdUnitManager - 初始化系统功能模块设置……
2018-02-08 10:14:18.39722 [T00010][ Major  ] KdUnitManager - 从本地运行程序中识别出功能模块：10 个
2018-02-08 10:14:18.42129 [T00010][ Major  ] KdUnitManager - 从远程获取到文件中识别功能模块定义：40 个
2018-02-08 10:14:18.42229 [T00010][ Major  ] KdUnitManager - 初始化功能模块：10 个，功能操作：224 个
2018-02-08 10:14:18.42329 [T00010][ Major  ] KdUnitManager - 初始化系统模块设置结束
2018-02-08 10:14:18.98481 [T00023][ Alert  ] KdUnitManager - 未能找到标识为 Users^Follow 的模块操作(KdUnitAction)设定。
2018-02-08 10:14:18.98481 [T00023][ Alert  ] KdAuthVerify - 未能找到验证标识为 Users^Follow 对应的功能操作(KdUnitAction)设定。(默认返回结果为 BbDataScope.Default)
2018-02-08 10:14:34.31133 [T00022][Critical] KdAppContext - 加载全局配置文件：D:\工作项目\一点通网站\1 源代码\1.1 系统代码\广西三建项目管理系统\KdYdtGxsj\KdYdtGxsj\KdYdt.Gxsj.WebManage\App_Data\KdGlobal.profile
2018-02-08 10:14:34.31234 [T00022][ Major  ] KdUnitManager - 初始化系统功能模块设置……
2018-02-08 10:14:34.32036 [T00022][ Major  ] KdUnitManager - 从本地运行程序中识别出功能模块：10 个
2018-02-08 10:14:34.32236 [T00022][ Major  ] KdUnitManager - 从远程获取到文件中识别功能模块定义：40 个
2018-02-08 10:14:34.32337 [T00022][ Major  ] KdUnitManager - 初始化功能模块：10 个，功能操作：224 个
2018-02-08 10:14:34.32437 [T00022][ Major  ] KdUnitManager - 初始化系统模块设置结束
2018-02-08 10:14:34.91795 [T00024][ Alert  ] KdUnitManager - 未能找到标识为 Users^Follow 的模块操作(KdUnitAction)设定。
2018-02-08 10:14:34.91795 [T00024][ Alert  ] KdAuthVerify - 未能找到验证标识为 Users^Follow 对应的功能操作(KdUnitAction)设定。(默认返回结果为 BbDataScope.Default)
