2018-03-28 09:44:33.61077 [T00084][ Error  ] HomeController - 【Session:5fthde2azex5zoiuzptghjra】【HttpPOST:54X9359GYSHX】[DataScope:HandleFull]
              已耗时：11.6015317秒 http://localhost:63384/Home/Login
              账户不存在或密码不正确！
              【Exception】System.Security.Cryptography.CryptographicException: 参数错误。
              
                 在 System.Security.Cryptography.CryptographicException.ThrowCryptographicException(Int32 hr)
                 在 System.Security.Cryptography.RSACryptoServiceProvider.DecryptKey(SafeKeyHandle pKeyContext, Byte[] pbEncryptedKey, Int32 cbEncryptedKey, Boolean fOAEP, ObjectHandleOnStack ohRetDecryptedKey)
                 在 System.Security.Cryptography.RSACryptoServiceProvider.Decrypt(Byte[] rgb, Boolean fOAEP)
                 在 System.Web.Mvc.KdWebAuthVerify.UserLogin(HttpContextBase context, KdUserLogin login, Boolean useRsaEncrypt)
2018-03-28 09:44:34.73677 [T00084][ Fatal  ] HomeController - 【Session:5fthde2azex5zoiuzptghjra】【HttpPOST:54X9359GYSHX】[DataScope:HandleFull]
              已耗时：12.7285284秒 http://localhost:63384/Home/Login
              【请求处理】执行时间 12.7285 秒【异常缓慢】
2018-03-28 10:16:23.18935 [T00084][ Fatal  ] UsersController - 【Session:5fthde2azex5zoiuzptghjra】【HttpGET:54XASU6ROCOD】管理员（内置）[DataScope:ViewFull, HandleFull]
              已耗时：12.7339360秒 http://localhost:63384/Users
              【请求处理】执行时间 12.7339 秒【异常缓慢】
2018-03-28 14:06:50.05423 [T00085][Critical] KdAppContext - 加载全局配置文件：D:\工作项目\一点通网站\1 源代码\1.1 系统代码\广西三建项目管理系统\KdYdtGxsj\KdYdtGxsj\KdYdt.Gxsj.WebManage\App_Data\KdGlobal.profile
2018-03-28 14:06:58.06979 [T00085][Critical] KdWebContext - RegisterWebMvc Namespaces: 
              KdYdt.Gxsj.WebManage.Controllers
2018-03-28 14:06:58.08430 [T00085][ Major  ] KdUnitManager - 初始化系统功能模块设置……
2018-03-28 14:06:58.18557 [T00085][ Major  ] KdUnitManager - 从本地运行程序中识别出功能模块：10 个
2018-03-28 14:06:58.22119 [T00085][ Major  ] KdUnitManager - 从远程获取到文件中识别功能模块定义：40 个
2018-03-28 14:06:58.22467 [T00085][ Major  ] KdUnitManager - 初始化功能模块：10 个，功能操作：224 个
2018-03-28 14:06:58.22467 [T00085][ Major  ] KdUnitManager - 初始化系统模块设置结束
2018-03-28 14:06:58.22570 [T00085][ Major  ] KdMenu - 初始化系统菜单……
2018-03-28 14:06:58.53591 [T00085][ Major  ] KdMenu - 共计初始化系统菜单：3 个
2018-03-28 14:06:58.53591 [T00085][ Major  ] KdMenu - 菜单 系统主菜单[__MAIN__] 共计加载菜单项 21 个
2018-03-28 14:06:58.53591 [T00085][ Major  ] KdMenu - 菜单 后台管理菜单[__ADMIN__] 共计加载菜单项 8 个
2018-03-28 14:06:58.73241 [T00085][ Major  ] KdMenu - 菜单 项目管理[PrjManage] 共计加载菜单项 29 个
2018-03-28 14:06:58.73241 [T00085][ Major  ] KdMenu - 初始化系统菜单设置结束
2018-03-28 14:06:58.74294 [T00085][Critical] BbMvcManager - 当前系统运行环境：
              IIS Version: 10.0
              Integrated Pipeline: True
              TargetFramework: 4.6
              BinDirectory: D:\工作项目\一点通网站\1 源代码\1.1 系统代码\广西三建项目管理系统\KdYdtGxsj\KdYdtGxsj\KdYdt.Gxsj.WebManage\bin\
              AppDomainAppVirtualPath: /
              VirtualPathRoot: /
              AppData VirtualPath: ~\App_Data;
              AppData PhysicsPath: D:\工作项目\一点通网站\1 源代码\1.1 系统代码\广西三建项目管理系统\KdYdtGxsj\KdYdtGxsj\KdYdt.Gxsj.WebManage\App_Data;
              系统全局配置文件: D:\工作项目\一点通网站\1 源代码\1.1 系统代码\广西三建项目管理系统\KdYdtGxsj\KdYdtGxsj\KdYdt.Gxsj.WebManage\App_Data\KdGlobal.profile;
              数据字典配置文件路径: D:\工作项目\一点通网站\1 源代码\1.1 系统代码\广西三建项目管理系统\KdYdtGxsj\KdYdtGxsj\KdYdt.Gxsj.WebManage\App_Data\KdDict;
              系统主菜单配置文件: D:\工作项目\一点通网站\1 源代码\1.1 系统代码\广西三建项目管理系统\KdYdtGxsj\KdYdtGxsj\KdYdt.Gxsj.WebManage\App_Data\KdMenu\KdAppMenus.json;
              系统菜单配置文件夹: D:\工作项目\一点通网站\1 源代码\1.1 系统代码\广西三建项目管理系统\KdYdtGxsj\KdYdtGxsj\KdYdt.Gxsj.WebManage\App_Data\KdMenu;
              系统运行日志文件: ;
              数据库初始化JSON文件默认保存路径: D:\工作项目\一点通网站\1 源代码\1.1 系统代码\广西三建项目管理系统\KdYdtGxsj\KdYdtGxsj\KdYdt.Gxsj.WebManage\App_Data\DataInit;
              数据库备份JSON文件默认保存路径: D:\工作项目\一点通网站\1 源代码\1.1 系统代码\广西三建项目管理系统\KdYdtGxsj\KdYdtGxsj\KdYdt.Gxsj.WebManage\App_Data\DataBackup;
              用户个人文件默认保存路径: D:\工作项目\一点通网站\1 源代码\1.1 系统代码\广西三建项目管理系统\KdYdtGxsj\KdYdtGxsj\KdYdt.Gxsj.WebManage\App_Data\Data_User;
              报表模板默认路径: D:\工作项目\一点通网站\1 源代码\1.1 系统代码\广西三建项目管理系统\KdYdtGxsj\KdYdtGxsj\KdYdt.Gxsj.WebManage\App_Data\Templates;
              报表输出默认路径: D:\工作项目\一点通网站\1 源代码\1.1 系统代码\广西三建项目管理系统\KdYdtGxsj\KdYdtGxsj\KdYdt.Gxsj.WebManage\App_Data\Reports;
              附件上传默认保存路径: D:\工作项目\一点通网站\1 源代码\1.1 系统代码\广西三建项目管理系统\KdYdtGxsj\KdYdtGxsj\KdYdt.Gxsj.WebManage\App_Data\User_Uploads;
              文件覆盖时自动备份的文件夹名称: History;
2018-03-28 14:07:05.11040 [T00129][ Severe ] MenusController - 【Session:5fthde2azex5zoiuzptghjra】【HttpGET:54XE9AWYXSMV】管理员（内置）[DataScope:ViewFull, HandleFull]
              已耗时：6.0313188秒 http://localhost:63384/Menus
              【请求处理】执行时间 6.0313 秒【较慢】
2018-03-28 14:08:06.89446 [T00022][ Severe ] LogsController - 【Session:5fthde2azex5zoiuzptghjra】【HttpGET:54XECPYEIBA8】管理员（内置）[DataScope:ViewFull, HandleFull]
              已耗时：6.2570497秒 http://localhost:63384/Logs
              【请求处理】执行时间 6.2570 秒【较慢】
2018-03-28 15:05:09.84538 [T00022][  Warn  ] LogsController - 【Session:5fthde2azex5zoiuzptghjra】【HttpGET:54XF71BPVN2X】管理员（内置）[DataScope:ViewFull, HandleFull]
              已耗时：2.7042010秒 http://localhost:63384/Logs/Detail/201832809B1F00009F30795357E94F2FB311F376D5E50059?taskId=54XBRWJNRW3L
              【请求处理】执行时间 2.7032 秒【稍慢】
2018-03-28 15:05:53.52985 [T00036][Critical] KdDbLogsService - ClearLogs: 管理员（内置） ； KdDbLogsService.ID = DS_54XFP107EIA4
2018-03-28 15:06:07.31711 [T00036][ Fatal  ] LogsController - 【Session:5fthde2azex5zoiuzptghjra】【HttpPOST:54XFOBY8QGVL】管理员（内置）[DataScope:ViewFull, HandleFull]
              已耗时：13.8153294秒 http://localhost:63384/Logs/Clear?___act=Index
              【请求处理】执行时间 13.8153 秒【异常缓慢】
2018-03-28 15:06:20.66202 [T00022][Critical] KdDbLogsService - ClearLogs: 管理员（内置） ； KdDbLogsService.ID = DS_54XFHTXLSVJP
