2018-05-25 14:20:08.33951 [T00001][Critical] KdAppContext - 已加载全局配置文件：D:\工作项目\一点通网站\1 源代码\1.1 系统代码\广西三建项目管理系统\KdYdtGxsj\KdYdtGxsj\KdYdt.Gxsj.WebManage\App_Data\KdGlobal.profile
2018-05-25 14:20:11.91794 [T00001][Critical] KdWebContext - RegisterWebMvc Namespaces: 
                      KdCore.Web.Errors.Controllers
                      KdYdt.Gxsj.WebManage.Controllers
2018-05-25 14:20:11.92091 [T00001] [Major]   KdUnitManager - 初始化系统功能模块设置……
2018-05-25 14:20:12.02563 [T00001] [Major]   KdUnitManager - 初始化系统模块设置结束
              从本地运行程序中识别出功能模块：13 个
              从远程获取到文件中识别功能模块定义：39 个
              初始化功能模块：13 个，功能操作：1218 个
2018-05-25 14:20:12.02962 [T00001] [Major]   KdMenu - 初始化系统菜单……
2018-05-25 14:20:12.19717 [T00001] [Major]   KdMenu - 共计初始化系统菜单：3 个
2018-05-25 14:20:12.29590 [T00001] [Major]   KdMenu - 菜单 OA系统菜单[Default] 共计加载菜单项 21 个
2018-05-25 14:20:12.44054 [T00001] [Major]   KdMenu - 菜单 项目管理菜单[PrjManage] 共计加载菜单项 39 个
2018-05-25 14:20:12.44054 [T00001] [Major]   KdMenu - 菜单 后台管理菜单[Admin] 共计加载菜单项 8 个
2018-05-25 14:20:12.44054 [T00001] [Major]   KdMenu - 初始化系统菜单设置结束。
2018-05-25 14:20:12.44650 [T00001][Critical] BbMvcManager - 当前系统运行环境：
                      IIS Version: 10.0
                      Integrated Pipeline: True
                      TargetFramework: 4.6
                      BaseDirectory: D:\工作项目\一点通网站\1 源代码\1.1 系统代码\广西三建项目管理系统\KdYdtGxsj\KdYdtGxsj\KdYdt.Gxsj.WebManage\
                      BinDirectory: D:\工作项目\一点通网站\1 源代码\1.1 系统代码\广西三建项目管理系统\KdYdtGxsj\KdYdtGxsj\KdYdt.Gxsj.WebManage\bin\
                      AppDomainAppVirtualPath: /
                      VirtualPathRoot: /
                      AppData VirtualPath: ~/App_Data;
                      AppData PhysicsPath: D:\工作项目\一点通网站\1 源代码\1.1 系统代码\广西三建项目管理系统\KdYdtGxsj\KdYdtGxsj\KdYdt.Gxsj.WebManage\App_Data;
                      系统全局配置文件: D:\工作项目\一点通网站\1 源代码\1.1 系统代码\广西三建项目管理系统\KdYdtGxsj\KdYdtGxsj\KdYdt.Gxsj.WebManage\App_Data\KdGlobal.profile;
                      数据字典配置文件夹: D:\工作项目\一点通网站\1 源代码\1.1 系统代码\广西三建项目管理系统\KdYdtGxsj\KdYdtGxsj\KdYdt.Gxsj.WebManage\App_Data\KdDict;
                      系统菜单配置文件夹: D:\工作项目\一点通网站\1 源代码\1.1 系统代码\广西三建项目管理系统\KdYdtGxsj\KdYdtGxsj\KdYdt.Gxsj.WebManage\App_Data;
                      系统默认菜单文件: D:\工作项目\一点通网站\1 源代码\1.1 系统代码\广西三建项目管理系统\KdYdtGxsj\KdYdtGxsj\KdYdt.Gxsj.WebManage\App_Data\KdMenu\KdMenu_Admin.json;
                      系统运行日志文件: D:\工作项目\一点通网站\1 源代码\1.1 系统代码\广西三建项目管理系统\KdYdtGxsj\KdYdtGxsj\KdYdt.Gxsj.WebManage\App_Data\KdLogs\Kd_admin.2018_05_25.log;
                      数据库初始化JSON文件默认保存路径: D:\工作项目\一点通网站\1 源代码\1.1 系统代码\广西三建项目管理系统\KdYdtGxsj\KdYdtGxsj\KdYdt.Gxsj.WebManage\App_Data\DataInit;
                      数据库备份JSON文件默认保存路径: D:\工作项目\一点通网站\1 源代码\1.1 系统代码\广西三建项目管理系统\KdYdtGxsj\KdYdtGxsj\KdYdt.Gxsj.WebManage\App_Data\DataBackup;
                      用户个人文件默认保存路径: D:\工作项目\一点通网站\1 源代码\1.1 系统代码\广西三建项目管理系统\KdYdtGxsj\KdYdtGxsj\KdYdt.Gxsj.WebManage\App_Data\Data_User;
                      报表模板默认路径: D:\工作项目\一点通网站\1 源代码\1.1 系统代码\广西三建项目管理系统\KdYdtGxsj\KdYdtGxsj\KdYdt.Gxsj.WebManage\App_Data\Templates;
                      报表输出默认路径: D:\工作项目\一点通网站\1 源代码\1.1 系统代码\广西三建项目管理系统\KdYdtGxsj\KdYdtGxsj\KdYdt.Gxsj.WebManage\App_Data\Reports;
                      附件上传默认保存路径: D:\工作项目\一点通网站\1 源代码\1.1 系统代码\广西三建项目管理系统\KdYdtGxsj\KdYdtGxsj\KdYdt.Gxsj.WebManage\App_Data\User_Uploads;
                      文件覆盖时自动备份的文件夹名称: History;
2018-05-25 14:20:12.89630 [T00009][CodeMark] HomeController - 【Http-GET:56JEDBUYJ971】已耗时：0.1476069秒【Session:dfuvyw1zh3svubkxpyycooqh】[1D3F3F0706901E3]
              [Url] http://localhost:9488/
              [User: 未登录用户][DataScope: HandleFull]
              【请求接收】接收到用户请求
2018-05-25 14:20:12.91525 [T00009][Critical] KdUtil - 调试模式运行，忽略版本更新检测
2018-05-25 14:20:13.27529 [T00009][CodeMark] HomeController - 【Http-GET:56JEDBUYJ971】已耗时：0.1476069秒【Session:dfuvyw1zh3svubkxpyycooqh】[1D3F3F0706901E3]
              [Url] http://localhost:9488/
              [User: 未登录用户][DataScope: HandleFull]
              【请求处理完成】执行时间 0.5246 秒
2018-05-25 14:20:13.29523 [T00009][CodeMark] HomeController - 【Http-GET:56JE6BP53S5D】已耗时：0.0029915秒【Session:dfuvyw1zh3svubkxpyycooqh】[1D3F3F070BBA45B]
              [Url] http://localhost:9488/Home/Login
              [User: 未登录用户][DataScope: HandleFull]
              【请求接收】接收到用户请求
2018-05-25 14:20:20.41520 [T00009][CodeMark] HomeController - 【Http-GET:56JE6BP53S5D】已耗时：0.0029915秒【Session:dfuvyw1zh3svubkxpyycooqh】[1D3F3F070BBA45B]
              [Url] http://localhost:9488/Home/Login
              [User: 未登录用户][DataScope: HandleFull]
              【请求处理完成】执行时间 7.1230 秒【较慢】
