2018-02-28 09:34:47.88859 [T00001][Critical] KdAppContext - 加载全局配置文件：D:\工作项目\一点通网站\1 源代码\1.1 系统代码\广西三建项目管理系统\KdYdtGxsj\KdYdtGxsj\KdYdt.Gxsj.WebManage\App_Data\KdGlobal.profile
2018-02-28 09:34:54.59568 [T00001][Critical] KdWebContext - RegisterWebMvc Namespaces: 
              KdYdt.Gxsj.WebManage.Controllers
2018-02-28 09:34:54.60070 [T00001][ Major  ] KdUnitManager - 初始化系统功能模块设置……
2018-02-28 09:34:54.69896 [T00001][ Major  ] KdUnitManager - 从本地运行程序中识别出功能模块：10 个
2018-02-28 09:34:54.79337 [T00001][ Major  ] KdUnitManager - 从远程获取到文件中识别功能模块定义：40 个
2018-02-28 09:34:54.79738 [T00001][ Major  ] KdUnitManager - 初始化功能模块：10 个，功能操作：224 个
2018-02-28 09:34:54.79738 [T00001][ Major  ] KdUnitManager - 初始化系统模块设置结束
2018-02-28 09:34:54.79841 [T00001][ Major  ] KdMenu - 初始化系统菜单……
2018-02-28 09:34:55.14330 [T00001][ Major  ] KdMenu - 共计初始化系统菜单：3 个
2018-02-28 09:34:55.14330 [T00001][ Major  ] KdMenu - 菜单 系统主菜单[__MAIN__] 共计加载菜单项 21 个
2018-02-28 09:34:55.14330 [T00001][ Major  ] KdMenu - 菜单 后台管理菜单[__ADMIN__] 共计加载菜单项 8 个
2018-02-28 09:34:55.36856 [T00001][ Major  ] KdMenu - 菜单 项目管理[PrjManage] 共计加载菜单项 31 个
2018-02-28 09:34:55.36856 [T00001][ Major  ] KdMenu - 初始化系统菜单设置结束
2018-02-28 09:34:55.37257 [T00001][Critical] BbMvcManager - 当前系统运行环境：
              IIS Version: 10.0
              Integrated Pipeline: True
              TargetFramework: 4.6
              BinDirectory: D:\工作项目\一点通网站\1 源代码\1.1 系统代码\广西三建项目管理系统\KdYdtGxsj\KdYdtGxsj\KdYdt.Gxsj.WebManage\bin\
              AppDomainAppVirtualPath: /
              VirtualPathRoot: /
              AppData VirtualPath: ~\App_Data;
              AppData PhysicsPath: D:\工作项目\一点通网站\1 源代码\1.1 系统代码\广西三建项目管理系统\KdYdtGxsj\KdYdtGxsj\KdYdt.Gxsj.WebManage\App_Data;
              系统全局配置文件: D:\工作项目\一点通网站\1 源代码\1.1 系统代码\广西三建项目管理系统\KdYdtGxsj\KdYdtGxsj\KdYdt.Gxsj.WebManage\App_Data\KdGlobal.profile;
              数据字典配置文件路径: D:\工作项目\一点通网站\1 源代码\1.1 系统代码\广西三建项目管理系统\KdYdtGxsj\KdYdtGxsj\KdYdt.Gxsj.WebManage\App_Data\KdDict;
              系统主菜单配置文件: D:\工作项目\一点通网站\1 源代码\1.1 系统代码\广西三建项目管理系统\KdYdtGxsj\KdYdtGxsj\KdYdt.Gxsj.WebManage\App_Data\KdMenu\KdAppMenus.json;
              系统菜单配置文件夹: D:\工作项目\一点通网站\1 源代码\1.1 系统代码\广西三建项目管理系统\KdYdtGxsj\KdYdtGxsj\KdYdt.Gxsj.WebManage\App_Data\KdMenu;
              系统运行日志文件: ;
              数据库初始化JSON文件默认保存路径: D:\工作项目\一点通网站\1 源代码\1.1 系统代码\广西三建项目管理系统\KdYdtGxsj\KdYdtGxsj\KdYdt.Gxsj.WebManage\App_Data\DataInit;
              数据库备份JSON文件默认保存路径: D:\工作项目\一点通网站\1 源代码\1.1 系统代码\广西三建项目管理系统\KdYdtGxsj\KdYdtGxsj\KdYdt.Gxsj.WebManage\App_Data\DataBackup;
              用户个人文件默认保存路径: D:\工作项目\一点通网站\1 源代码\1.1 系统代码\广西三建项目管理系统\KdYdtGxsj\KdYdtGxsj\KdYdt.Gxsj.WebManage\App_Data\Data_User;
              报表模板默认路径: D:\工作项目\一点通网站\1 源代码\1.1 系统代码\广西三建项目管理系统\KdYdtGxsj\KdYdtGxsj\KdYdt.Gxsj.WebManage\App_Data\Templates;
              报表输出默认路径: D:\工作项目\一点通网站\1 源代码\1.1 系统代码\广西三建项目管理系统\KdYdtGxsj\KdYdtGxsj\KdYdt.Gxsj.WebManage\App_Data\Reports;
              附件上传默认保存路径: D:\工作项目\一点通网站\1 源代码\1.1 系统代码\广西三建项目管理系统\KdYdtGxsj\KdYdtGxsj\KdYdt.Gxsj.WebManage\App_Data\User_Uploads;
              文件覆盖时自动备份的文件夹名称: History;
2018-02-28 09:35:02.41890 [T00009][ Severe ] HomeController - 【Session:gkmdhak1qoelq3gtmswxocup】【HttpGET:5459K5SDM5AC】[DataScope:HandleFull]
              已耗时：6.2542248秒 http://localhost:63384/Home/Login
              【请求处理】执行时间 6.2542 秒【较慢】
2018-02-28 09:35:16.58535 [T00011][  Warn  ] UsersController - 【Session:gkmdhak1qoelq3gtmswxocup】【HttpGET:5459V1ZPD3TU】管理员（内置）[DataScope:ViewFull, HandleFull]
              已耗时：4.9106054秒 http://localhost:63384/Users
              【请求处理】执行时间 4.9106 秒【稍慢】
2018-02-28 09:43:48.15159 [T00036][Critical] KdAppContext - 加载全局配置文件：D:\工作项目\一点通网站\1 源代码\1.1 系统代码\广西三建项目管理系统\KdYdtGxsj\KdYdtGxsj\KdYdt.Gxsj.WebManage\App_Data\KdGlobal.profile
2018-02-28 09:43:48.16963 [T00036][ Major  ] KdUnitManager - 初始化系统功能模块设置……
2018-02-28 09:43:48.17465 [T00036][ Major  ] KdUnitManager - 从本地运行程序中识别出功能模块：10 个
2018-02-28 09:43:48.19172 [T00036][ Major  ] KdUnitManager - 从远程获取到文件中识别功能模块定义：40 个
2018-02-28 09:43:48.19370 [T00036][ Major  ] KdUnitManager - 初始化功能模块：10 个，功能操作：224 个
2018-02-28 09:43:48.19370 [T00036][ Major  ] KdUnitManager - 初始化系统模块设置结束
