2018-01-25 09:37:44.00120 [T00001][Critical] KdAppContext - 加载全局配置文件：E:\工作项目\一点通网站\1 源代码\1.1 系统代码\广西三建项目管理系统\KdYdtGxsj\KdYdtGxsj\KdYdt.Gxsj.WebManage\App_Data\KdGlobal.profile
2018-01-25 09:37:54.03323 [T00001][Critical] KdWebContext - RegisterWebMvc Namespaces: 
              KdYdt.Gxsj.WebManage.Controllers
2018-01-25 09:37:54.03723 [T00001][ Major  ] KdUnitManager - 初始化系统功能模块设置……
2018-01-25 09:37:54.25720 [T00001][ Major  ] KdUnitManager - 从本地运行程序中识别出功能模块：10 个
2018-01-25 09:37:54.39720 [T00001][ Major  ] KdUnitManager - 从远程获取到文件中识别功能模块定义：40 个
2018-01-25 09:37:54.43620 [T00001][ Major  ] KdUnitManager - 初始化功能模块：10 个，功能操作：224 个
2018-01-25 09:37:54.43620 [T00001][ Major  ] KdUnitManager - 初始化系统模块设置结束
2018-01-25 09:37:54.43720 [T00001][ Major  ] KdMenu - 初始化系统菜单……
2018-01-25 09:37:54.89720 [T00001][ Major  ] KdMenu - 共计初始化系统菜单：3 个
2018-01-25 09:37:54.89720 [T00001][ Major  ] KdMenu - 菜单 系统主菜单[__MAIN__] 共计加载菜单项 21 个
2018-01-25 09:37:54.89720 [T00001][ Major  ] KdMenu - 菜单 后台管理菜单[__ADMIN__] 共计加载菜单项 8 个
2018-01-25 09:37:55.09520 [T00001][ Major  ] KdMenu - 菜单 项目管理[PrjManage] 共计加载菜单项 31 个
2018-01-25 09:37:55.09520 [T00001][ Major  ] KdMenu - 初始化系统菜单设置结束
2018-01-25 09:37:55.10323 [T00001][Critical] BbMvcManager - 当前系统运行环境：
              IIS Version: 10.0
              Integrated Pipeline: True
              TargetFramework: 4.6
              BinDirectory: E:\工作项目\一点通网站\1 源代码\1.1 系统代码\广西三建项目管理系统\KdYdtGxsj\KdYdtGxsj\KdYdt.Gxsj.WebManage\bin\
              AppDomainAppVirtualPath: /
              VirtualPathRoot: /
              AppData VirtualPath: ~\App_Data;
              AppData PhysicsPath: E:\工作项目\一点通网站\1 源代码\1.1 系统代码\广西三建项目管理系统\KdYdtGxsj\KdYdtGxsj\KdYdt.Gxsj.WebManage\App_Data;
              系统全局配置文件: E:\工作项目\一点通网站\1 源代码\1.1 系统代码\广西三建项目管理系统\KdYdtGxsj\KdYdtGxsj\KdYdt.Gxsj.WebManage\App_Data\KdGlobal.profile;
              数据字典配置文件路径: E:\工作项目\一点通网站\1 源代码\1.1 系统代码\广西三建项目管理系统\KdYdtGxsj\KdYdtGxsj\KdYdt.Gxsj.WebManage\App_Data\KdDict;
              系统主菜单配置文件: E:\工作项目\一点通网站\1 源代码\1.1 系统代码\广西三建项目管理系统\KdYdtGxsj\KdYdtGxsj\KdYdt.Gxsj.WebManage\App_Data\KdMenu\KdAppMenus.json;
              系统菜单配置文件夹: E:\工作项目\一点通网站\1 源代码\1.1 系统代码\广西三建项目管理系统\KdYdtGxsj\KdYdtGxsj\KdYdt.Gxsj.WebManage\App_Data\KdMenu;
              系统运行日志文件: ;
              数据库初始化JSON文件默认保存路径: E:\工作项目\一点通网站\1 源代码\1.1 系统代码\广西三建项目管理系统\KdYdtGxsj\KdYdtGxsj\KdYdt.Gxsj.WebManage\App_Data\DataInit;
              数据库备份JSON文件默认保存路径: E:\工作项目\一点通网站\1 源代码\1.1 系统代码\广西三建项目管理系统\KdYdtGxsj\KdYdtGxsj\KdYdt.Gxsj.WebManage\App_Data\DataBackup;
              用户个人文件默认保存路径: E:\工作项目\一点通网站\1 源代码\1.1 系统代码\广西三建项目管理系统\KdYdtGxsj\KdYdtGxsj\KdYdt.Gxsj.WebManage\App_Data\Data_User;
              报表模板默认路径: E:\工作项目\一点通网站\1 源代码\1.1 系统代码\广西三建项目管理系统\KdYdtGxsj\KdYdtGxsj\KdYdt.Gxsj.WebManage\App_Data\Templates;
              报表输出默认路径: E:\工作项目\一点通网站\1 源代码\1.1 系统代码\广西三建项目管理系统\KdYdtGxsj\KdYdtGxsj\KdYdt.Gxsj.WebManage\App_Data\Reports;
              附件上传默认保存路径: E:\工作项目\一点通网站\1 源代码\1.1 系统代码\广西三建项目管理系统\KdYdtGxsj\KdYdtGxsj\KdYdt.Gxsj.WebManage\App_Data\User_Uploads;
              文件覆盖时自动备份的文件夹名称: History;
2018-01-25 09:38:03.53520 [T00012][ Severe ] HomeController - 【Session:g5wij5tnkpvz3bz4gx1gieyi】【HttpGET:5379DPDW61AL】[DataScope:HandleFull]
              已耗时：7.2389996秒 http://localhost:63384/Home/Login
              【请求处理】执行时间 7.2390 秒【较慢】
2018-01-25 10:07:21.45760 [T00060][ Alert  ] KdUserLogin - Admin User LOGIN: UserPwd:44D836F91DB05D5C97AE79731795DB16, KdUserLogin: {
                "UserName": "adminer",
                "UserPwd": "8ce882f6b7ae07a684663e0d0b9d1cd9",
                "PwdType": -1,
                "SessionID": "g5wij5tnkpvz3bz4gx1gieyi",
                "LoginTime": "2018-01-25T10:07:21.2116053+08:00",
                "Message": "账户不存在或密码不正确！"
              }
2018-01-25 10:07:21.47960 [T00060][ Error  ] HomeController - 【Session:g5wij5tnkpvz3bz4gx1gieyi】【HttpPOST:537AYMWIKOPW】[DataScope:HandleFull]
              已耗时：0.2670000秒 http://localhost:63384/Home/Login
              账户不存在或密码不正确！
2018-01-25 13:39:16.94538 [T00148][ Alert  ] KdUserLogin - Admin User LOGIN: UserPwd:44D836F91DB05D5C97AE79731795DB16, KdUserLogin: {
                "UserName": "adminer",
                "UserPwd": "8ce882f6b7ae07a684663e0d0b9d1cd9",
                "PwdType": -1,
                "SessionID": "g5wij5tnkpvz3bz4gx1gieyi",
                "LoginTime": "2018-01-25T13:39:16.7992621+08:00",
                "Message": "账户不存在或密码不正确！"
              }
2018-01-25 13:39:16.94635 [T00148][ Error  ] HomeController - 【Session:g5wij5tnkpvz3bz4gx1gieyi】【HttpPOST:537DMW82A52B】[DataScope:HandleFull]
              已耗时：0.1470928秒 http://localhost:63384/Home/Login
              账户不存在或密码不正确！
2018-01-25 13:52:59.51801 [T00143][ Alert  ] KdUserLogin - Admin User LOGIN: UserPwd:44D836F91DB05D5C97AE79731795DB16, KdUserLogin: {
                "UserName": "adminer",
                "UserPwd": "c4ca4238a0b923820dcc509a6f75849b",
                "PwdType": -1,
                "SessionID": "g5wij5tnkpvz3bz4gx1gieyi",
                "LoginTime": "2018-01-25T13:52:59.3941188+08:00",
                "Message": "账户不存在或密码不正确！"
              }
2018-01-25 13:52:59.51900 [T00143][ Error  ] HomeController - 【Session:g5wij5tnkpvz3bz4gx1gieyi】【HttpPOST:537DD4XCR6IL】[DataScope:HandleFull]
              已耗时：0.1248896秒 http://localhost:63384/Home/Login
              账户不存在或密码不正确！
2018-01-25 13:53:18.51396 [T00056][ Alert  ] KdUserLogin - Admin User LOGIN: UserPwd:44D836F91DB05D5C97AE79731795DB16, KdUserLogin: {
                "UserName": "adminer",
                "UserPwd": "c4ca4238a0b923820dcc509a6f75849b",
                "PwdType": -1,
                "SessionID": "g5wij5tnkpvz3bz4gx1gieyi",
                "LoginTime": "2018-01-25T13:53:18.4199668+08:00",
                "Message": "账户不存在或密码不正确！"
              }
2018-01-25 13:53:18.51496 [T00056][ Error  ] HomeController - 【Session:g5wij5tnkpvz3bz4gx1gieyi】【HttpPOST:537DDW6D4PB7】[DataScope:HandleFull]
              已耗时：0.0950022秒 http://localhost:63384/Home/Login
              账户不存在或密码不正确！
