2018-04-10 14:06:15.74057 [T00001][Critical] KdAppContext - 加载全局配置文件：D:\工作项目\一点通网站\1 源代码\1.1 系统代码\广西三建项目管理系统\KdYdtGxsj\KdYdtGxsj\KdYdt.Gxsj.WebManage\App_Data\KdGlobal.profile
2018-04-10 14:06:22.11649 [T00001][Critical] KdWebContext - RegisterWebMvc Namespaces: 
              KdYdt.Gxsj.WebManage.Controllers
2018-04-10 14:06:22.12047 [T00001][ Major  ] KdUnitManager - 初始化系统功能模块设置……
2018-04-10 14:06:22.20721 [T00001][ Major  ] KdUnitManager - 从本地运行程序中识别出功能模块：10 个
2018-04-10 14:06:22.24242 [T00001][ Major  ] KdUnitManager - 从远程获取到文件中识别功能模块定义：40 个
2018-04-10 14:06:22.24593 [T00001][ Major  ] KdUnitManager - 初始化功能模块：10 个，功能操作：224 个
2018-04-10 14:06:22.24593 [T00001][ Major  ] KdUnitManager - 初始化系统模块设置结束
2018-04-10 14:06:22.24693 [T00001][ Major  ] KdMenu - 初始化系统菜单……
2018-04-10 14:06:22.48914 [T00001][ Major  ] KdMenu - 共计初始化系统菜单：3 个
2018-04-10 14:06:22.49014 [T00001][ Major  ] KdMenu - 菜单 系统主菜单[__MAIN__] 共计加载菜单项 21 个
2018-04-10 14:06:22.49014 [T00001][ Major  ] KdMenu - 菜单 后台管理菜单[__ADMIN__] 共计加载菜单项 8 个
2018-04-10 14:06:22.64612 [T00001][ Major  ] KdMenu - 菜单 项目管理[PrjManage] 共计加载菜单项 29 个
2018-04-10 14:06:22.64712 [T00001][ Major  ] KdMenu - 初始化系统菜单设置结束
2018-04-10 14:06:22.65111 [T00001][Critical] BbMvcManager - 当前系统运行环境：
              IIS Version: 10.0
              Integrated Pipeline: True
              TargetFramework: 4.6
              BinDirectory: D:\工作项目\一点通网站\1 源代码\1.1 系统代码\广西三建项目管理系统\KdYdtGxsj\KdYdtGxsj\KdYdt.Gxsj.WebManage\bin\
              AppDomainAppVirtualPath: /
              VirtualPathRoot: /
              AppData VirtualPath: ~\App_Data;
              AppData PhysicsPath: D:\工作项目\一点通网站\1 源代码\1.1 系统代码\广西三建项目管理系统\KdYdtGxsj\KdYdtGxsj\KdYdt.Gxsj.WebManage\App_Data;
              系统全局配置文件: D:\工作项目\一点通网站\1 源代码\1.1 系统代码\广西三建项目管理系统\KdYdtGxsj\KdYdtGxsj\KdYdt.Gxsj.WebManage\App_Data\KdGlobal.profile;
              数据字典配置文件路径: D:\工作项目\一点通网站\1 源代码\1.1 系统代码\广西三建项目管理系统\KdYdtGxsj\KdYdtGxsj\KdYdt.Gxsj.WebManage\App_Data\KdDict;
              系统主菜单配置文件: D:\工作项目\一点通网站\1 源代码\1.1 系统代码\广西三建项目管理系统\KdYdtGxsj\KdYdtGxsj\KdYdt.Gxsj.WebManage\App_Data\KdMenu\KdAppMenus.json;
              系统菜单配置文件夹: D:\工作项目\一点通网站\1 源代码\1.1 系统代码\广西三建项目管理系统\KdYdtGxsj\KdYdtGxsj\KdYdt.Gxsj.WebManage\App_Data\KdMenu;
              系统运行日志文件: ;
              数据库初始化JSON文件默认保存路径: D:\工作项目\一点通网站\1 源代码\1.1 系统代码\广西三建项目管理系统\KdYdtGxsj\KdYdtGxsj\KdYdt.Gxsj.WebManage\App_Data\DataInit;
              数据库备份JSON文件默认保存路径: D:\工作项目\一点通网站\1 源代码\1.1 系统代码\广西三建项目管理系统\KdYdtGxsj\KdYdtGxsj\KdYdt.Gxsj.WebManage\App_Data\DataBackup;
              用户个人文件默认保存路径: D:\工作项目\一点通网站\1 源代码\1.1 系统代码\广西三建项目管理系统\KdYdtGxsj\KdYdtGxsj\KdYdt.Gxsj.WebManage\App_Data\Data_User;
              报表模板默认路径: D:\工作项目\一点通网站\1 源代码\1.1 系统代码\广西三建项目管理系统\KdYdtGxsj\KdYdtGxsj\KdYdt.Gxsj.WebManage\App_Data\Templates;
              报表输出默认路径: D:\工作项目\一点通网站\1 源代码\1.1 系统代码\广西三建项目管理系统\KdYdtGxsj\KdYdtGxsj\KdYdt.Gxsj.WebManage\App_Data\Reports;
              附件上传默认保存路径: D:\工作项目\一点通网站\1 源代码\1.1 系统代码\广西三建项目管理系统\KdYdtGxsj\KdYdtGxsj\KdYdt.Gxsj.WebManage\App_Data\User_Uploads;
              文件覆盖时自动备份的文件夹名称: History;
2018-04-10 14:06:32.19549 [T00012][ Alert  ] HomeController - 【Session:yy5bc4d2z3c4z1rvlxo0ogl4】【HttpGET:55AE23G4RTV1】[DataScope:HandleFull]
              已耗时：8.8595002秒 http://localhost:63384/Home/Login
              【请求处理】执行时间 8.8595 秒【缓慢】
2018-04-10 14:06:42.52527 [T00006][ Severe ] UsersController - 【Session:yy5bc4d2z3c4z1rvlxo0ogl4】【HttpGET:55AERR31DUQB】管理员（内置）[DataScope:ViewFull, HandleFull]
              已耗时：5.7630491秒 http://localhost:63384/Users
              【请求处理】执行时间 5.7630 秒【较慢】
2018-04-10 14:10:57.31154 [T00017][Critical] KdAppContext - 加载全局配置文件：D:\工作项目\一点通网站\1 源代码\1.1 系统代码\广西三建项目管理系统\KdYdtGxsj\KdYdtGxsj\KdYdt.Gxsj.WebManage\App_Data\KdGlobal.profile
2018-04-10 14:11:03.95425 [T00017][Critical] KdWebContext - RegisterWebMvc Namespaces: 
              KdYdt.Gxsj.WebManage.Controllers
2018-04-10 14:11:03.95927 [T00017][ Major  ] KdUnitManager - 初始化系统功能模块设置……
2018-04-10 14:11:04.09964 [T00017][ Major  ] KdUnitManager - 从本地运行程序中识别出功能模块：10 个
2018-04-10 14:11:04.11369 [T00017][ Major  ] KdUnitManager - 从远程获取到文件中识别功能模块定义：40 个
2018-04-10 14:11:04.11770 [T00017][ Major  ] KdUnitManager - 初始化功能模块：10 个，功能操作：224 个
2018-04-10 14:11:04.11770 [T00017][ Major  ] KdUnitManager - 初始化系统模块设置结束
2018-04-10 14:11:04.11870 [T00017][ Major  ] KdMenu - 初始化系统菜单……
2018-04-10 14:11:04.40397 [T00017][ Major  ] KdMenu - 共计初始化系统菜单：3 个
2018-04-10 14:11:04.40497 [T00017][ Major  ] KdMenu - 菜单 系统主菜单[__MAIN__] 共计加载菜单项 21 个
2018-04-10 14:11:04.40497 [T00017][ Major  ] KdMenu - 菜单 后台管理菜单[__ADMIN__] 共计加载菜单项 8 个
2018-04-10 14:11:04.56742 [T00017][ Major  ] KdMenu - 菜单 项目管理[PrjManage] 共计加载菜单项 32 个
2018-04-10 14:11:04.56742 [T00017][ Major  ] KdMenu - 初始化系统菜单设置结束
2018-04-10 14:11:04.57344 [T00017][Critical] BbMvcManager - 当前系统运行环境：
              IIS Version: 10.0
              Integrated Pipeline: True
              TargetFramework: 4.6
              BinDirectory: D:\工作项目\一点通网站\1 源代码\1.1 系统代码\广西三建项目管理系统\KdYdtGxsj\KdYdtGxsj\KdYdt.Gxsj.WebManage\bin\
              AppDomainAppVirtualPath: /
              VirtualPathRoot: /
              AppData VirtualPath: ~\App_Data;
              AppData PhysicsPath: D:\工作项目\一点通网站\1 源代码\1.1 系统代码\广西三建项目管理系统\KdYdtGxsj\KdYdtGxsj\KdYdt.Gxsj.WebManage\App_Data;
              系统全局配置文件: D:\工作项目\一点通网站\1 源代码\1.1 系统代码\广西三建项目管理系统\KdYdtGxsj\KdYdtGxsj\KdYdt.Gxsj.WebManage\App_Data\KdGlobal.profile;
              数据字典配置文件路径: D:\工作项目\一点通网站\1 源代码\1.1 系统代码\广西三建项目管理系统\KdYdtGxsj\KdYdtGxsj\KdYdt.Gxsj.WebManage\App_Data\KdDict;
              系统主菜单配置文件: D:\工作项目\一点通网站\1 源代码\1.1 系统代码\广西三建项目管理系统\KdYdtGxsj\KdYdtGxsj\KdYdt.Gxsj.WebManage\App_Data\KdMenu\KdAppMenus.json;
              系统菜单配置文件夹: D:\工作项目\一点通网站\1 源代码\1.1 系统代码\广西三建项目管理系统\KdYdtGxsj\KdYdtGxsj\KdYdt.Gxsj.WebManage\App_Data\KdMenu;
              系统运行日志文件: ;
              数据库初始化JSON文件默认保存路径: D:\工作项目\一点通网站\1 源代码\1.1 系统代码\广西三建项目管理系统\KdYdtGxsj\KdYdtGxsj\KdYdt.Gxsj.WebManage\App_Data\DataInit;
              数据库备份JSON文件默认保存路径: D:\工作项目\一点通网站\1 源代码\1.1 系统代码\广西三建项目管理系统\KdYdtGxsj\KdYdtGxsj\KdYdt.Gxsj.WebManage\App_Data\DataBackup;
              用户个人文件默认保存路径: D:\工作项目\一点通网站\1 源代码\1.1 系统代码\广西三建项目管理系统\KdYdtGxsj\KdYdtGxsj\KdYdt.Gxsj.WebManage\App_Data\Data_User;
              报表模板默认路径: D:\工作项目\一点通网站\1 源代码\1.1 系统代码\广西三建项目管理系统\KdYdtGxsj\KdYdtGxsj\KdYdt.Gxsj.WebManage\App_Data\Templates;
              报表输出默认路径: D:\工作项目\一点通网站\1 源代码\1.1 系统代码\广西三建项目管理系统\KdYdtGxsj\KdYdtGxsj\KdYdt.Gxsj.WebManage\App_Data\Reports;
              附件上传默认保存路径: D:\工作项目\一点通网站\1 源代码\1.1 系统代码\广西三建项目管理系统\KdYdtGxsj\KdYdtGxsj\KdYdt.Gxsj.WebManage\App_Data\User_Uploads;
              文件覆盖时自动备份的文件夹名称: History;
2018-04-10 14:11:06.00699 [T00020][Critical] KdAppContext - 加载全局配置文件：D:\工作项目\一点通网站\1 源代码\1.1 系统代码\广西三建项目管理系统\KdYdtGxsj\KdYdtGxsj\KdYdt.Gxsj.WebManage\App_Data\KdGlobal.profile
2018-04-10 14:11:06.00899 [T00020][ Major  ] KdUnitManager - 初始化系统功能模块设置……
2018-04-10 14:11:06.02203 [T00020][ Major  ] KdUnitManager - 从本地运行程序中识别出功能模块：10 个
2018-04-10 14:11:06.02604 [T00020][ Major  ] KdUnitManager - 从远程获取到文件中识别功能模块定义：39 个
2018-04-10 14:11:06.02705 [T00020][ Major  ] KdUnitManager - 初始化功能模块：10 个，功能操作：224 个
2018-04-10 14:11:06.02705 [T00020][ Major  ] KdUnitManager - 初始化系统模块设置结束
2018-04-10 14:11:06.02806 [T00020][ Major  ] KdMenu - 初始化系统菜单……
2018-04-10 14:11:06.16743 [T00020][ Major  ] KdMenu - 共计初始化系统菜单：3 个
2018-04-10 14:11:06.16743 [T00020][ Major  ] KdMenu - 菜单 系统主菜单[__MAIN__] 共计加载菜单项 21 个
2018-04-10 14:11:06.16743 [T00020][ Major  ] KdMenu - 菜单 后台管理菜单[__ADMIN__] 共计加载菜单项 8 个
2018-04-10 14:11:06.36451 [T00020][ Major  ] KdMenu - 菜单 项目管理[PrjManage] 共计加载菜单项 32 个
2018-04-10 14:11:06.36451 [T00020][ Major  ] KdMenu - 初始化系统菜单设置结束
