2018-01-15 13:38:48.56826 [T00001][Critical] KdAppContext - 加载全局配置文件：E:\工作项目\一点通网站\1 源代码\1.1 系统代码\广西三建项目管理系统\KdYdtGxsj\KdYdtGxsj\KdYdt.Gxsj.WebManage\App_Data\KdGlobal.profile
2018-01-15 13:38:54.37695 [T00001][Critical] BbMvcManager - 当前系统运行环境：
              IIS Version: 10.0
              Integrated Pipeline: True
              TargetFramework: 4.6
              BinDirectory: E:\工作项目\一点通网站\1 源代码\1.1 系统代码\广西三建项目管理系统\KdYdtGxsj\KdYdtGxsj\KdYdt.Gxsj.WebManage\bin\
              AppDomainAppVirtualPath: /
              VirtualPathRoot: /
              AppData VirtualPath: ~\App_Data;
              AppData PhysicsPath: E:\工作项目\一点通网站\1 源代码\1.1 系统代码\广西三建项目管理系统\KdYdtGxsj\KdYdtGxsj\KdYdt.Gxsj.WebManage\App_Data;
              系统全局配置文件: E:\工作项目\一点通网站\1 源代码\1.1 系统代码\广西三建项目管理系统\KdYdtGxsj\KdYdtGxsj\KdYdt.Gxsj.WebManage\App_Data\KdGlobal.profile;
              数据字典配置文件路径: E:\工作项目\一点通网站\1 源代码\1.1 系统代码\广西三建项目管理系统\KdYdtGxsj\KdYdtGxsj\KdYdt.Gxsj.WebManage\App_Data\KdDict;
              系统主菜单配置文件: E:\工作项目\一点通网站\1 源代码\1.1 系统代码\广西三建项目管理系统\KdYdtGxsj\KdYdtGxsj\KdYdt.Gxsj.WebManage\App_Data\KdMenu\KdAppMenus.json;
              系统菜单配置文件夹: E:\工作项目\一点通网站\1 源代码\1.1 系统代码\广西三建项目管理系统\KdYdtGxsj\KdYdtGxsj\KdYdt.Gxsj.WebManage\App_Data\KdMenu;
              系统运行日志文件: ;
              数据库初始化JSON文件默认保存路径: E:\工作项目\一点通网站\1 源代码\1.1 系统代码\广西三建项目管理系统\KdYdtGxsj\KdYdtGxsj\KdYdt.Gxsj.WebManage\App_Data\DataInit;
              数据库备份JSON文件默认保存路径: E:\工作项目\一点通网站\1 源代码\1.1 系统代码\广西三建项目管理系统\KdYdtGxsj\KdYdtGxsj\KdYdt.Gxsj.WebManage\App_Data\DataBackup;
              用户个人文件默认保存路径: E:\工作项目\一点通网站\1 源代码\1.1 系统代码\广西三建项目管理系统\KdYdtGxsj\KdYdtGxsj\KdYdt.Gxsj.WebManage\App_Data\Data_User;
              报表模板默认路径: E:\工作项目\一点通网站\1 源代码\1.1 系统代码\广西三建项目管理系统\KdYdtGxsj\KdYdtGxsj\KdYdt.Gxsj.WebManage\App_Data\Templates;
              报表输出默认路径: E:\工作项目\一点通网站\1 源代码\1.1 系统代码\广西三建项目管理系统\KdYdtGxsj\KdYdtGxsj\KdYdt.Gxsj.WebManage\App_Data\Reports;
              附件上传默认保存路径: E:\工作项目\一点通网站\1 源代码\1.1 系统代码\广西三建项目管理系统\KdYdtGxsj\KdYdtGxsj\KdYdt.Gxsj.WebManage\App_Data\User_Uploads;
              文件覆盖时自动备份的文件夹名称: History;
2018-01-15 13:38:55.27792 [T00001][Critical] KdWebContext - RegisterWebMvc Namespaces: 
              KdYdt.Gxsj.WebManage.Controllers
2018-01-15 13:38:55.28092 [T00001][ Major  ] KdUnitManager - 初始化系统功能模块设置……
2018-01-15 13:38:55.40592 [T00001][ Major  ] KdUnitManager - 从本地运行程序中识别出功能模块：10 个
2018-01-15 13:38:55.46713 [T00001][ Major  ] KdUnitManager - 从远程获取到文件中识别功能模块定义：35 个
2018-01-15 13:38:55.47113 [T00001][ Major  ] KdUnitManager - 初始化功能模块：10 个，功能操作：224 个
2018-01-15 13:38:55.47113 [T00001][ Major  ] KdUnitManager - 初始化系统模块设置结束
2018-01-15 13:38:55.47213 [T00001][ Major  ] KdMenu - 初始化系统菜单……
2018-01-15 13:38:55.79913 [T00001][ Major  ] KdMenu - 共计初始化系统菜单：2 个
2018-01-15 13:38:55.79913 [T00001][ Major  ] KdMenu - 菜单 主菜单[__MAIN__] 共计加载菜单项 21 个
2018-01-15 13:38:55.89813 [T00001][ Major  ] KdMenu - 菜单 项目管理[PrjManage] 共计加载菜单项 24 个
2018-01-15 13:38:55.89913 [T00001][ Major  ] KdMenu - 初始化系统菜单设置结束
2018-01-15 13:39:00.79177 [T00007][  Warn  ] HomeController - 【Session:qbpic0dpo5pjqmn0bjezypcm】【HttpGET:52XDX9PPEX0P】[DataScope:HandleFull]
              已耗时：4.3539698秒 http://localhost:63384/Home/Login
              【请求处理】执行时间 4.3540 秒【稍慢】
2018-01-15 13:39:08.90217 [T00005][ Alert  ] KdUnitManager - 未能找到类型 Sms 对应的功能单元(KdUnitGroup)设定。
2018-01-15 13:39:08.90318 [T00005][ Alert  ] KdUnitManager - 未能找到类型 Signs 对应的功能单元(KdUnitGroup)设定。
2018-01-15 13:39:08.90318 [T00005][ Alert  ] KdUnitManager - 未能找到类型 Bizs 对应的功能单元(KdUnitGroup)设定。
2018-01-15 13:39:13.64230 [T00009][  Warn  ] UsersController - 【Session:qbpic0dpo5pjqmn0bjezypcm】【HttpGET:52XDGDR86153】管理员（内置）[DataScope:ViewFull, HandleFull]
              已耗时：4.6861162秒 http://localhost:63384/Users
              【请求处理】执行时间 4.6861 秒【稍慢】
2018-01-15 14:06:13.98894 [T00070][ Alert  ] KdUnitManager - 未能找到类型 Sms 对应的功能单元(KdUnitGroup)设定。
2018-01-15 14:06:13.98994 [T00070][ Alert  ] KdUnitManager - 未能找到类型 Signs 对应的功能单元(KdUnitGroup)设定。
2018-01-15 14:06:13.98994 [T00070][ Alert  ] KdUnitManager - 未能找到类型 Bizs 对应的功能单元(KdUnitGroup)设定。
2018-01-15 14:06:29.74855 [T00078][Critical] KdAppContext - 加载全局配置文件：E:\工作项目\一点通网站\1 源代码\1.1 系统代码\广西三建项目管理系统\KdYdtGxsj\KdYdtGxsj\KdYdt.Gxsj.WebManage\App_Data\KdGlobal.profile
2018-01-15 14:06:29.74955 [T00078][ Major  ] KdUnitManager - 初始化系统功能模块设置……
2018-01-15 14:06:29.75855 [T00078][ Major  ] KdUnitManager - 从本地运行程序中识别出功能模块：10 个
2018-01-15 14:06:29.76255 [T00078][ Major  ] KdUnitManager - 从远程获取到文件中识别功能模块定义：35 个
2018-01-15 14:06:29.76455 [T00078][ Major  ] KdUnitManager - 初始化功能模块：10 个，功能操作：224 个
2018-01-15 14:06:29.76555 [T00078][ Major  ] KdUnitManager - 初始化系统模块设置结束
2018-01-15 14:06:44.94481 [T00080][Critical] KdAppContext - 加载全局配置文件：E:\工作项目\一点通网站\1 源代码\1.1 系统代码\广西三建项目管理系统\KdYdtGxsj\KdYdtGxsj\KdYdt.Gxsj.WebManage\App_Data\KdGlobal.profile
2018-01-15 14:06:44.94581 [T00080][ Major  ] KdUnitManager - 初始化系统功能模块设置……
2018-01-15 14:06:44.95281 [T00080][ Major  ] KdUnitManager - 从本地运行程序中识别出功能模块：10 个
2018-01-15 14:06:44.95681 [T00080][ Major  ] KdUnitManager - 从远程获取到文件中识别功能模块定义：35 个
2018-01-15 14:06:44.95881 [T00080][ Major  ] KdUnitManager - 初始化功能模块：10 个，功能操作：224 个
2018-01-15 14:06:44.95881 [T00080][ Major  ] KdUnitManager - 初始化系统模块设置结束
2018-01-15 14:06:50.09953 [T00074][Critical] KdAppContext - 加载全局配置文件：E:\工作项目\一点通网站\1 源代码\1.1 系统代码\广西三建项目管理系统\KdYdtGxsj\KdYdtGxsj\KdYdt.Gxsj.WebManage\App_Data\KdGlobal.profile
2018-01-15 14:06:50.09953 [T00074][ Major  ] KdUnitManager - 初始化系统功能模块设置……
2018-01-15 14:06:50.10653 [T00074][ Major  ] KdUnitManager - 从本地运行程序中识别出功能模块：10 个
2018-01-15 14:06:50.10953 [T00074][ Major  ] KdUnitManager - 从远程获取到文件中识别功能模块定义：35 个
2018-01-15 14:06:50.11154 [T00074][ Major  ] KdUnitManager - 初始化功能模块：10 个，功能操作：224 个
2018-01-15 14:06:50.11154 [T00074][ Major  ] KdUnitManager - 初始化系统模块设置结束
