2018-03-27 10:43:34.64199 [T00085][Critical] KdAppContext - 加载全局配置文件：D:\工作项目\一点通网站\1 源代码\1.1 系统代码\广西三建项目管理系统\KdYdtGxsj\KdYdtGxsj\KdYdt.Gxsj.WebManage\App_Data\KdGlobal.profile
2018-03-27 10:43:40.47109 [T00085][Critical] KdWebContext - RegisterWebMvc Namespaces: 
              KdYdt.Gxsj.WebManage.Controllers
2018-03-27 10:43:40.47510 [T00085][ Major  ] KdUnitManager - 初始化系统功能模块设置……
2018-03-27 10:43:40.55829 [T00085][ Major  ] KdUnitManager - 从本地运行程序中识别出功能模块：10 个
2018-03-27 10:43:40.64452 [T00085][ Major  ] KdUnitManager - 从远程获取到文件中识别功能模块定义：40 个
2018-03-27 10:43:40.64953 [T00085][ Major  ] KdUnitManager - 初始化功能模块：10 个，功能操作：224 个
2018-03-27 10:43:40.64953 [T00085][ Major  ] KdUnitManager - 初始化系统模块设置结束
2018-03-27 10:43:40.65053 [T00085][ Major  ] KdMenu - 初始化系统菜单……
2018-03-27 10:43:41.05862 [T00085][ Major  ] KdMenu - 共计初始化系统菜单：3 个
2018-03-27 10:43:41.05862 [T00085][ Major  ] KdMenu - 菜单 系统主菜单[__MAIN__] 共计加载菜单项 21 个
2018-03-27 10:43:41.05862 [T00085][ Major  ] KdMenu - 菜单 后台管理菜单[__ADMIN__] 共计加载菜单项 8 个
2018-03-27 10:43:41.22205 [T00085][ Major  ] KdMenu - 菜单 项目管理[PrjManage] 共计加载菜单项 29 个
2018-03-27 10:43:41.22205 [T00085][ Major  ] KdMenu - 初始化系统菜单设置结束
2018-03-27 10:43:41.22707 [T00085][Critical] BbMvcManager - 当前系统运行环境：
              IIS Version: 10.0
              Integrated Pipeline: True
              TargetFramework: 4.6
              BinDirectory: D:\工作项目\一点通网站\1 源代码\1.1 系统代码\广西三建项目管理系统\KdYdtGxsj\KdYdtGxsj\KdYdt.Gxsj.WebManage\bin\
              AppDomainAppVirtualPath: /
              VirtualPathRoot: /
              AppData VirtualPath: ~\App_Data;
              AppData PhysicsPath: D:\工作项目\一点通网站\1 源代码\1.1 系统代码\广西三建项目管理系统\KdYdtGxsj\KdYdtGxsj\KdYdt.Gxsj.WebManage\App_Data;
              系统全局配置文件: D:\工作项目\一点通网站\1 源代码\1.1 系统代码\广西三建项目管理系统\KdYdtGxsj\KdYdtGxsj\KdYdt.Gxsj.WebManage\App_Data\KdGlobal.profile;
              数据字典配置文件路径: D:\工作项目\一点通网站\1 源代码\1.1 系统代码\广西三建项目管理系统\KdYdtGxsj\KdYdtGxsj\KdYdt.Gxsj.WebManage\App_Data\KdDict;
              系统主菜单配置文件: D:\工作项目\一点通网站\1 源代码\1.1 系统代码\广西三建项目管理系统\KdYdtGxsj\KdYdtGxsj\KdYdt.Gxsj.WebManage\App_Data\KdMenu\KdAppMenus.json;
              系统菜单配置文件夹: D:\工作项目\一点通网站\1 源代码\1.1 系统代码\广西三建项目管理系统\KdYdtGxsj\KdYdtGxsj\KdYdt.Gxsj.WebManage\App_Data\KdMenu;
              系统运行日志文件: ;
              数据库初始化JSON文件默认保存路径: D:\工作项目\一点通网站\1 源代码\1.1 系统代码\广西三建项目管理系统\KdYdtGxsj\KdYdtGxsj\KdYdt.Gxsj.WebManage\App_Data\DataInit;
              数据库备份JSON文件默认保存路径: D:\工作项目\一点通网站\1 源代码\1.1 系统代码\广西三建项目管理系统\KdYdtGxsj\KdYdtGxsj\KdYdt.Gxsj.WebManage\App_Data\DataBackup;
              用户个人文件默认保存路径: D:\工作项目\一点通网站\1 源代码\1.1 系统代码\广西三建项目管理系统\KdYdtGxsj\KdYdtGxsj\KdYdt.Gxsj.WebManage\App_Data\Data_User;
              报表模板默认路径: D:\工作项目\一点通网站\1 源代码\1.1 系统代码\广西三建项目管理系统\KdYdtGxsj\KdYdtGxsj\KdYdt.Gxsj.WebManage\App_Data\Templates;
              报表输出默认路径: D:\工作项目\一点通网站\1 源代码\1.1 系统代码\广西三建项目管理系统\KdYdtGxsj\KdYdtGxsj\KdYdt.Gxsj.WebManage\App_Data\Reports;
              附件上传默认保存路径: D:\工作项目\一点通网站\1 源代码\1.1 系统代码\广西三建项目管理系统\KdYdtGxsj\KdYdtGxsj\KdYdt.Gxsj.WebManage\App_Data\User_Uploads;
              文件覆盖时自动备份的文件夹名称: History;
2018-03-27 10:43:47.24206 [T00084][ Severe ] HomeController - 【Session:5fthde2azex5zoiuzptghjra】【HttpGET:54WAPD1EM94D】[DataScope:HandleFull]
              已耗时：5.0404028秒 http://localhost:63384/Home/Login?from=%2fMenus%2fEdit%3fcode%3dPrjManage
              【请求处理】执行时间 5.0404 秒【较慢】
2018-03-27 16:37:14.82448 [T00090][ Severe ] HomeController - 【Session:5fthde2azex5zoiuzptghjra】【HttpGET:54WGGFS2KCTV】[DataScope:HandleFull]
              已耗时：7.9817870秒 http://localhost:63384/Home/Login
              【请求处理】执行时间 7.9818 秒【较慢】
