2018-05-11 09:17:53.43236 [T00001][Critical] KdAppContext - 加载全局配置文件：D:\工作项目\一点通网站\1 源代码\1.1 系统代码\广西三建项目管理系统\KdYdtGxsj\KdYdtGxsj\KdYdt.Gxsj.WebManage\App_Data\KdGlobal.profile
2018-05-11 09:18:01.52183 [T00001][Critical] KdWebContext - RegisterWebMvc Namespaces: 
              KdYdt.Gxsj.WebManage.Controllers
2018-05-11 09:18:01.52684 [T00001][ Major  ] KdUnitManager - 初始化系统功能模块设置……
2018-05-11 09:18:01.62611 [T00001][ Major  ] KdUnitManager - 从本地运行程序中识别出功能模块：10 个
2018-05-11 09:18:01.66220 [T00001][ Major  ] KdUnitManager - 从远程获取到文件中识别功能模块定义：39 个
2018-05-11 09:18:01.66621 [T00001][ Major  ] KdUnitManager - 初始化功能模块：10 个，功能操作：1154 个
2018-05-11 09:18:01.66621 [T00001][ Major  ] KdUnitManager - 初始化系统模块设置结束
2018-05-11 09:18:01.66722 [T00001][ Major  ] KdMenu - 初始化系统菜单……
2018-05-11 09:18:01.93074 [T00001][ Major  ] KdMenu - 共计初始化系统菜单：3 个
2018-05-11 09:18:01.93074 [T00001][ Major  ] KdMenu - 菜单 系统主菜单[__MAIN__] 共计加载菜单项 21 个
2018-05-11 09:18:01.93074 [T00001][ Major  ] KdMenu - 菜单 后台管理菜单[__ADMIN__] 共计加载菜单项 8 个
2018-05-11 09:18:02.05003 [T00001][ Major  ] KdMenu - 菜单 椤圭洰绠＄悊[PrjManage] 共计加载菜单项 38 个
2018-05-11 09:18:02.05003 [T00001][ Major  ] KdMenu - 初始化系统菜单设置结束
2018-05-11 09:18:02.05404 [T00001][Critical] BbMvcManager - 当前系统运行环境：
              IIS Version: 10.0
              Integrated Pipeline: True
              TargetFramework: 4.6
              BaseDirectory: D:\工作项目\一点通网站\1 源代码\1.1 系统代码\广西三建项目管理系统\KdYdtGxsj\KdYdtGxsj\KdYdt.Gxsj.WebManage\
              BinDirectory: D:\工作项目\一点通网站\1 源代码\1.1 系统代码\广西三建项目管理系统\KdYdtGxsj\KdYdtGxsj\KdYdt.Gxsj.WebManage\bin\
              AppDomainAppVirtualPath: /
              VirtualPathRoot: /
              AppData VirtualPath: ~/App_Data;
              AppData PhysicsPath: D:\工作项目\一点通网站\1 源代码\1.1 系统代码\广西三建项目管理系统\KdYdtGxsj\KdYdtGxsj\KdYdt.Gxsj.WebManage\App_Data;
              系统全局配置文件: D:\工作项目\一点通网站\1 源代码\1.1 系统代码\广西三建项目管理系统\KdYdtGxsj\KdYdtGxsj\KdYdt.Gxsj.WebManage\App_Data\KdGlobal.profile;
              数据字典配置文件路径: D:\工作项目\一点通网站\1 源代码\1.1 系统代码\广西三建项目管理系统\KdYdtGxsj\KdYdtGxsj\KdYdt.Gxsj.WebManage\App_Data\KdDict;
              系统主菜单配置文件: D:\工作项目\一点通网站\1 源代码\1.1 系统代码\广西三建项目管理系统\KdYdtGxsj\KdYdtGxsj\KdYdt.Gxsj.WebManage\App_Data\KdMenu\KdAppMenus.json;
              系统菜单配置文件夹: D:\工作项目\一点通网站\1 源代码\1.1 系统代码\广西三建项目管理系统\KdYdtGxsj\KdYdtGxsj\KdYdt.Gxsj.WebManage\App_Data\KdMenu;
              系统运行日志文件: ;
              数据库初始化JSON文件默认保存路径: D:\工作项目\一点通网站\1 源代码\1.1 系统代码\广西三建项目管理系统\KdYdtGxsj\KdYdtGxsj\KdYdt.Gxsj.WebManage\App_Data\DataInit;
              数据库备份JSON文件默认保存路径: D:\工作项目\一点通网站\1 源代码\1.1 系统代码\广西三建项目管理系统\KdYdtGxsj\KdYdtGxsj\KdYdt.Gxsj.WebManage\App_Data\DataBackup;
              用户个人文件默认保存路径: D:\工作项目\一点通网站\1 源代码\1.1 系统代码\广西三建项目管理系统\KdYdtGxsj\KdYdtGxsj\KdYdt.Gxsj.WebManage\App_Data\Data_User;
              报表模板默认路径: D:\工作项目\一点通网站\1 源代码\1.1 系统代码\广西三建项目管理系统\KdYdtGxsj\KdYdtGxsj\KdYdt.Gxsj.WebManage\App_Data\Templates;
              报表输出默认路径: D:\工作项目\一点通网站\1 源代码\1.1 系统代码\广西三建项目管理系统\KdYdtGxsj\KdYdtGxsj\KdYdt.Gxsj.WebManage\App_Data\Reports;
              附件上传默认保存路径: D:\工作项目\一点通网站\1 源代码\1.1 系统代码\广西三建项目管理系统\KdYdtGxsj\KdYdtGxsj\KdYdt.Gxsj.WebManage\App_Data\User_Uploads;
              文件覆盖时自动备份的文件夹名称: History;
2018-05-11 09:18:02.64046 [T00010][Critical] KdUtil - 调试模式运行，忽略版本更新检测
2018-05-11 09:18:11.00655 [T00012][ Severe ] HomeController - 【Session:q5m0d0fz2n0sqh540fzpsldr】【HttpGET:56593JQTJ7Y3】未登录用户[DataScope:HandleFull]
              已耗时：6.8554950秒 http://localhost:63384/Home/Login
              【请求处理】执行时间 6.8555 秒【较慢】
2018-05-11 09:23:51.64733 [T00033][Critical] KdAppContext - 加载全局配置文件：D:\工作项目\一点通网站\1 源代码\1.1 系统代码\广西三建项目管理系统\KdYdtGxsj\KdYdtGxsj\KdYdt.Gxsj.WebManage\App_Data\KdGlobal.profile
2018-05-11 09:23:51.68546 [T00033][ Major  ] KdUnitManager - 初始化系统功能模块设置……
2018-05-11 09:23:51.69346 [T00033][ Major  ] KdUnitManager - 从本地运行程序中识别出功能模块：10 个
2018-05-11 09:23:51.69747 [T00033][ Major  ] KdUnitManager - 从远程获取到文件中识别功能模块定义：39 个
2018-05-11 09:23:51.69850 [T00033][ Major  ] KdUnitManager - 初始化功能模块：10 个，功能操作：1154 个
2018-05-11 09:23:51.69850 [T00033][ Major  ] KdUnitManager - 初始化系统模块设置结束
