2018-05-31 17:45:39.65453 [T00001][Critical] KdAppContext - 已加载全局配置文件：D:\工作项目\一点通网站\1 源代码\1.1 系统代码\广西三建项目管理系统\KdYdtGxsj\KdYdtGxsj\KdYdt.Gxsj.WebManage\App_Data\KdGlobal.profile
2018-05-31 17:45:48.78371 [T00001][Critical] KdWebContext - RegisterWebMvc Namespaces: 
                      KdCore.Web.Errors.Controllers
                      KdYdt.Gxsj.WebManage.Controllers
2018-05-31 17:45:48.78670 [T00001] [Major]   KdUnitManager - 初始化系统功能模块设置……
2018-05-31 17:45:49.01506 [T00001] [Major]   KdUnitManager - 初始化系统模块设置结束
              从本地运行程序中识别出功能模块：13 个
              从远程获取到文件中识别功能模块定义：39 个
              初始化功能模块：13 个，功能操作：1218 个
2018-05-31 17:45:49.01806 [T00001] [Major]   KdMenu - 初始化系统菜单……
2018-05-31 17:45:49.27637 [T00001] [Major]   KdMenu - 共计初始化系统菜单：3 个
2018-05-31 17:45:49.36313 [T00001] [Major]   KdMenu - 菜单 OA系统菜单[Default] 共计加载菜单项 21 个
2018-05-31 17:45:49.51277 [T00001] [Major]   KdMenu - 菜单 项目管理菜单[PrjManage] 共计加载菜单项 39 个
2018-05-31 17:45:49.51277 [T00001] [Major]   KdMenu - 菜单 后台管理菜单[Admin] 共计加载菜单项 8 个
2018-05-31 17:45:49.51277 [T00001] [Major]   KdMenu - 初始化系统菜单设置结束。
2018-05-31 17:45:49.51972 [T00001][Critical] BbMvcManager - 当前系统运行环境：
                      IIS Version: 10.0
                      Integrated Pipeline: True
                      TargetFramework: 4.6
                      BaseDirectory: D:\工作项目\一点通网站\1 源代码\1.1 系统代码\广西三建项目管理系统\KdYdtGxsj\KdYdtGxsj\KdYdt.Gxsj.WebManage\
                      BinDirectory: D:\工作项目\一点通网站\1 源代码\1.1 系统代码\广西三建项目管理系统\KdYdtGxsj\KdYdtGxsj\KdYdt.Gxsj.WebManage\bin\
                      AppDomainAppVirtualPath: /
                      VirtualPathRoot: /
                      AppData VirtualPath: ~/App_Data;
                      AppData PhysicsPath: D:\工作项目\一点通网站\1 源代码\1.1 系统代码\广西三建项目管理系统\KdYdtGxsj\KdYdtGxsj\KdYdt.Gxsj.WebManage\App_Data;
                      系统全局配置文件: D:\工作项目\一点通网站\1 源代码\1.1 系统代码\广西三建项目管理系统\KdYdtGxsj\KdYdtGxsj\KdYdt.Gxsj.WebManage\App_Data\KdGlobal.profile;
                      数据字典配置文件夹: D:\工作项目\一点通网站\1 源代码\1.1 系统代码\广西三建项目管理系统\KdYdtGxsj\KdYdtGxsj\KdYdt.Gxsj.WebManage\App_Data\KdDict;
                      系统菜单配置文件夹: D:\工作项目\一点通网站\1 源代码\1.1 系统代码\广西三建项目管理系统\KdYdtGxsj\KdYdtGxsj\KdYdt.Gxsj.WebManage\App_Data;
                      系统默认菜单文件: D:\工作项目\一点通网站\1 源代码\1.1 系统代码\广西三建项目管理系统\KdYdtGxsj\KdYdtGxsj\KdYdt.Gxsj.WebManage\App_Data\KdMenu\KdMenu_Admin.json;
                      系统运行日志文件: D:\工作项目\一点通网站\1 源代码\1.1 系统代码\广西三建项目管理系统\KdYdtGxsj\KdYdtGxsj\KdYdt.Gxsj.WebManage\App_Data\KdLogs\Kd_admin.2018_05_31.log;
                      数据库初始化JSON文件默认保存路径: D:\工作项目\一点通网站\1 源代码\1.1 系统代码\广西三建项目管理系统\KdYdtGxsj\KdYdtGxsj\KdYdt.Gxsj.WebManage\App_Data\DataInit;
                      数据库备份JSON文件默认保存路径: D:\工作项目\一点通网站\1 源代码\1.1 系统代码\广西三建项目管理系统\KdYdtGxsj\KdYdtGxsj\KdYdt.Gxsj.WebManage\App_Data\DataBackup;
                      用户个人文件默认保存路径: D:\工作项目\一点通网站\1 源代码\1.1 系统代码\广西三建项目管理系统\KdYdtGxsj\KdYdtGxsj\KdYdt.Gxsj.WebManage\App_Data\Data_User;
                      报表模板默认路径: D:\工作项目\一点通网站\1 源代码\1.1 系统代码\广西三建项目管理系统\KdYdtGxsj\KdYdtGxsj\KdYdt.Gxsj.WebManage\App_Data\Templates;
                      报表输出默认路径: D:\工作项目\一点通网站\1 源代码\1.1 系统代码\广西三建项目管理系统\KdYdtGxsj\KdYdtGxsj\KdYdt.Gxsj.WebManage\App_Data\Reports;
                      附件上传默认保存路径: D:\工作项目\一点通网站\1 源代码\1.1 系统代码\广西三建项目管理系统\KdYdtGxsj\KdYdtGxsj\KdYdt.Gxsj.WebManage\App_Data\User_Uploads;
                      文件覆盖时自动备份的文件夹名称: History;
2018-05-31 17:45:50.38440 [T00012][CodeMark] HomeController - 【Http-GET:56PH5MJXNUTU】已耗时：0.4408113秒【Session:cbjzty0xlzym32obpgo5n1gp】[1D3F8C4286DE6BA]
              [Url] http://localhost:2234/
              [User: 未登录用户][DataScope: HandleFull]
              【请求接收】接收到用户请求
2018-05-31 17:45:50.43627 [T00012][Critical] KdUtil - 调试模式运行，忽略版本更新检测
2018-05-31 17:45:51.29397 [T00012][CodeMark] HomeController - 【Http-GET:56PH5MJXNUTU】已耗时：0.4408113秒【Session:cbjzty0xlzym32obpgo5n1gp】[1D3F8C4286DE6BA]
              [Url] http://localhost:2234/
              [User: 未登录用户][DataScope: HandleFull]
              【请求处理完成】执行时间 1.3494 秒
2018-05-31 17:45:51.33686 [T00010][CodeMark] HomeController - 【Http-GET:56PHS0JOOE63】已耗时：0.0029933秒【Session:cbjzty0xlzym32obpgo5n1gp】[1D3F8C42941E359]
              [Url] http://localhost:2234/Home/Login
              [User: 未登录用户][DataScope: HandleFull]
              【请求接收】接收到用户请求
2018-05-31 17:45:57.89701 [T00010][CodeMark] HomeController - 【Http-GET:56PHS0JOOE63】已耗时：0.0029933秒【Session:cbjzty0xlzym32obpgo5n1gp】[1D3F8C42941E359]
              [Url] http://localhost:2234/Home/Login
              [User: 未登录用户][DataScope: HandleFull]
              【请求处理完成】执行时间 6.5631 秒【较慢】
2018-05-31 17:56:26.37613 [T00047][CodeMark] HomeController - 【Http-POST:56PH3EPWQB82】已耗时：0.0049869秒【Session:cbjzty0xlzym32obpgo5n1gp】[1D3F8C5A3C4E2DA]
              [Url] http://localhost:2234/Home/Login
              [User: 未登录用户][DataScope: HandleFull]
              【请求接收】接收到用户请求
              [Request.UrlReferrer] http://localhost:2234/Home/Login
2018-05-31 17:56:26.78565 [T00047][CodeMark] HomeController - 【Http-POST:56PH3EPWQB82】已耗时：0.0049869秒【Session:cbjzty0xlzym32obpgo5n1gp】[1D3F8C5A3C4E2DA]
              [Url] http://localhost:2234/Home/Login
              [User: 管理员（内置）][DataScope: HandleFull]
              【请求处理完成】执行时间 0.4145 秒
2018-05-31 17:56:26.81857 [T00043][CodeMark] UsersController - 【Http-GET:56PHBFK1D8WF】已耗时：0.0029926秒【Session:cbjzty0xlzym32obpgo5n1gp】[1D3F8C5A408B38E]
              [Url] http://localhost:2234/Users
              [User: 管理员（内置）][DataScope: ViewFull, HandleFull]
              【请求接收】接收到用户请求
              [Request.UrlReferrer] http://localhost:2234/Home/Login
2018-05-31 17:56:32.98413 [T00043][CodeMark] UsersController - 【Http-GET:56PHBFK1D8WF】已耗时：0.0029926秒【Session:cbjzty0xlzym32obpgo5n1gp】[1D3F8C5A408B38E]
              [Url] http://localhost:2234/Users
              [User: 管理员（内置）][DataScope: ViewFull, HandleFull]
              【请求处理完成】执行时间 6.1686 秒【较慢】
2018-05-31 17:56:39.18188 [T00044][CodeMark] MenusController - 【Http-GET:56PHFMFHRC8O】已耗时：0.0039894秒【Session:cbjzty0xlzym32obpgo5n1gp】[1D3F8C5AB670A9C]
              [Url] http://localhost:2234/Menus/Edit?code=PrjManage
              [User: 管理员（内置）][DataScope: ViewFull, HandleFull]
              【请求接收】接收到用户请求
              [Request.UrlReferrer] http://localhost:2234/Menus
2018-05-31 17:56:40.10741 [T00044][CodeMark] MenusController - 【Http-GET:56PHFMFHRC8O】已耗时：0.0039894秒【Session:cbjzty0xlzym32obpgo5n1gp】[1D3F8C5AB670A9C]
              [Url] http://localhost:2234/Menus/Edit?code=PrjManage
              [User: 管理员（内置）][DataScope: ViewFull, HandleFull]
              【请求处理完成】执行时间 0.9295 秒
2018-05-31 17:56:46.06647 [T00053][CodeMark] MenusController - 【Http-GET:56PHSM2SCGC6】已耗时：0.0019957秒【Session:cbjzty0xlzym32obpgo5n1gp】[1D3F8C5AF81D9C6]
              [Url] http://localhost:2234/Menus?___act=Edit&isback=True
              [User: 管理员（内置）][DataScope: ViewFull, HandleFull]
              【请求接收】接收到用户请求
              [Request.UrlReferrer] http://localhost:2234/Menus/Edit?code=PrjManage
2018-05-31 17:56:46.06946 [T00053][CodeMark] MenusController - 【Http-GET:56PHSM2SCGC6】已耗时：0.0019957秒【Session:cbjzty0xlzym32obpgo5n1gp】[1D3F8C5AF81D9C6]
              [Url] http://localhost:2234/Menus?___act=Edit&isback=True
              [User: 管理员（内置）][DataScope: ViewFull, HandleFull]
              【请求处理完成】执行时间 0.0050 秒
2018-05-31 17:56:46.07445 [T00047][CodeMark] MenusController - 【Http-GET:56PHT4GAHIIG】已耗时：0.0009969秒【Session:cbjzty0xlzym32obpgo5n1gp】[1D3F8C5AF833863]
              [Url] http://localhost:2234/Menus
              [User: 管理员（内置）][DataScope: ViewFull, HandleFull]
              【请求接收】接收到用户请求
              [Request.UrlReferrer] http://localhost:2234/Menus/Edit?code=PrjManage
2018-05-31 17:56:46.12742 [T00047][CodeMark] MenusController - 【Http-GET:56PHT4GAHIIG】已耗时：0.0009969秒【Session:cbjzty0xlzym32obpgo5n1gp】[1D3F8C5AF833863]
              [Url] http://localhost:2234/Menus
              [User: 管理员（内置）][DataScope: ViewFull, HandleFull]
              【请求处理完成】执行时间 0.0540 秒
2018-05-31 17:56:48.81512 [T00047][CodeMark] MenusController - 【Http-GET:56PHX57ACK70】已耗时：0.0019963秒【Session:cbjzty0xlzym32obpgo5n1gp】[1D3F8C5B1254305]
              [Url] http://localhost:2234/Menus/Edit?code=PrjManage
              [User: 管理员（内置）][DataScope: ViewFull, HandleFull]
              【请求接收】接收到用户请求
              [Request.UrlReferrer] http://localhost:2234/Menus
2018-05-31 17:56:48.84504 [T00047][CodeMark] MenusController - 【Http-GET:56PHX57ACK70】已耗时：0.0019963秒【Session:cbjzty0xlzym32obpgo5n1gp】[1D3F8C5B1254305]
              [Url] http://localhost:2234/Menus/Edit?code=PrjManage
              [User: 管理员（内置）][DataScope: ViewFull, HandleFull]
              【请求处理完成】执行时间 0.0319 秒
